This is pdfTeX, Version 3.14159265-2.6-1.40.20 (TeX Live 2019/Debian) (preloaded format=pdflatex 2021.3.17)  23 MAR 2021 21:14
entering extended mode
 restricted \write18 enabled.
 %&-line parsing enabled.
**\nonstopmode \input ./tfarima.tex \input ./tfarima.tex
(./tfarima.tex (/usr/share/texlive/texmf-dist/tex/latex/base/article.cls
Document Class: article 2019/12/20 v1.4l Standard LaTeX document class
(/usr/share/texlive/texmf-dist/tex/latex/base/size10.clo
File: size10.clo 2019/12/20 v1.4l Standard LaTeX file (size option)
)
\c@part=\count167
\c@section=\count168
\c@subsection=\count169
\c@subsubsection=\count170
\c@paragraph=\count171
\c@subparagraph=\count172
\c@figure=\count173
\c@table=\count174
\abovecaptionskip=\skip47
\belowcaptionskip=\skip48
\bibindent=\dimen134
)
(/usr/share/texlive/texmf-dist/tex/latex/pdfpages/pdfpages.sty
Package: pdfpages 2020/01/28 v0.5q Insert pages of external PDF documents (AM)

(/usr/share/texlive/texmf-dist/tex/latex/base/ifthen.sty
Package: ifthen 2014/09/29 v1.1c Standard LaTeX ifthen package (DPC)
)
(/usr/share/texlive/texmf-dist/tex/latex/tools/calc.sty
Package: calc 2017/05/25 v4.3 Infix arithmetic (KKT,FJ)
\calc@Acount=\count175
\calc@Bcount=\count176
\calc@Adimen=\dimen135
\calc@Bdimen=\dimen136
\calc@Askip=\skip49
\calc@Bskip=\skip50
LaTeX Info: Redefining \setlength on input line 80.
LaTeX Info: Redefining \addtolength on input line 81.
\calc@Ccount=\count177
\calc@Cskip=\skip51
)
(/usr/share/texlive/texmf-dist/tex/latex/eso-pic/eso-pic.sty
Package: eso-pic 2018/04/12 v2.0h eso-pic (RN)

(/usr/share/texlive/texmf-dist/tex/generic/atbegshi/atbegshi.sty
Package: atbegshi 2019/12/05 v1.19 At begin shipout hook (HO)

(/usr/share/texlive/texmf-dist/tex/generic/infwarerr/infwarerr.sty
Package: infwarerr 2019/12/03 v1.5 Providing info/warning/error messages (HO)
)
(/usr/share/texlive/texmf-dist/tex/generic/ltxcmds/ltxcmds.sty
Package: ltxcmds 2019/12/15 v1.24 LaTeX kernel commands for general use (HO)
)
(/usr/share/texlive/texmf-dist/tex/generic/iftex/iftex.sty
Package: iftex 2019/11/07 v1.0c TeX engine tests
))
(/usr/share/texlive/texmf-dist/tex/latex/graphics/keyval.sty
Package: keyval 2014/10/28 v1.15 key=value parser (DPC)
\KV@toks@=\toks14
)
(/usr/share/texlive/texmf-dist/tex/latex/xcolor/xcolor.sty
Package: xcolor 2016/05/11 v2.12 LaTeX color extensions (UK)

(/usr/share/texlive/texmf-dist/tex/latex/graphics-cfg/color.cfg
File: color.cfg 2016/01/02 v1.6 sample color configuration
)
Package xcolor Info: Driver file: pdftex.def on input line 225.

(/usr/share/texlive/texmf-dist/tex/latex/graphics-def/pdftex.def
File: pdftex.def 2018/01/08 v1.0l Graphics/color driver for pdftex
)
Package xcolor Info: Model `cmy' substituted by `cmy0' on input line 1348.
Package xcolor Info: Model `hsb' substituted by `rgb' on input line 1352.
Package xcolor Info: Model `RGB' extended on input line 1364.
Package xcolor Info: Model `HTML' substituted by `rgb' on input line 1366.
Package xcolor Info: Model `Hsb' substituted by `hsb' on input line 1367.
Package xcolor Info: Model `tHsb' substituted by `hsb' on input line 1368.
Package xcolor Info: Model `HSB' substituted by `hsb' on input line 1369.
Package xcolor Info: Model `Gray' substituted by `gray' on input line 1370.
Package xcolor Info: Model `wave' substituted by `hsb' on input line 1371.
))
(/usr/share/texlive/texmf-dist/tex/latex/graphics/graphicx.sty
Package: graphicx 2019/11/30 v1.2a Enhanced LaTeX Graphics (DPC,SPQR)

(/usr/share/texlive/texmf-dist/tex/latex/graphics/graphics.sty
Package: graphics 2019/11/30 v1.4a Standard LaTeX Graphics (DPC,SPQR)

(/usr/share/texlive/texmf-dist/tex/latex/graphics/trig.sty
Package: trig 2016/01/03 v1.10 sin cos tan (DPC)
)
(/usr/share/texlive/texmf-dist/tex/latex/graphics-cfg/graphics.cfg
File: graphics.cfg 2016/06/04 v1.11 sample graphics configuration
)
Package graphics Info: Driver file: pdftex.def on input line 105.
)
\Gin@req@height=\dimen137
\Gin@req@width=\dimen138
)
\AM@pagewidth=\dimen139
\AM@pageheight=\dimen140

(/usr/share/texlive/texmf-dist/tex/latex/pdfpages/pppdftex.def
File: pppdftex.def 2020/01/28 v0.5q Pdfpages driver for pdfTeX (AM)
)
\AM@pagebox=\box45
\AM@global@opts=\toks15
\AM@pagecnt=\count178
\AM@toc@title=\toks16
\c@AM@survey=\count179
\AM@templatesizebox=\box46
)
(/usr/share/R/share/texmf/tex/latex/Sweave.sty
Package: Sweave 

(/usr/share/texlive/texmf-dist/tex/latex/fancyvrb/fancyvrb.sty
Package: fancyvrb 2020/01/13 v3.5 verbatim text (tvz,hv)
\FV@CodeLineNo=\count180
\FV@InFile=\read2
\FV@TabBox=\box47
\c@FancyVerbLine=\count181
\FV@StepNumber=\count182
\FV@OutFile=\write3
)
(/usr/share/texlive/texmf-dist/tex/latex/base/textcomp.sty
Package: textcomp 2020/02/02 v2.0n Standard LaTeX package
)
(/usr/share/texlive/texmf-dist/tex/latex/base/fontenc.sty
Package: fontenc 2020/02/11 v2.0o Standard LaTeX package
)
(/usr/share/texlive/texmf-dist/tex/latex/ae/ae.sty
Package: ae 2001/02/12 1.3 Almost European Computer Modern

(/usr/share/texlive/texmf-dist/tex/latex/base/fontenc.sty
Package: fontenc 2020/02/11 v2.0o Standard LaTeX package
)))
(/usr/share/texlive/texmf-dist/tex/latex/l3backend/l3backend-pdfmode.def
File: l3backend-pdfmode.def 2020-02-03 L3 backend support: PDF mode
\l__kernel_color_stack_int=\count183
\l__pdf_internal_box=\box48
)
(/home/jose/RProjects/tfarima/vignettes/tfarima.aux)
\openout1 = `tfarima.aux'.

LaTeX Font Info:    Checking defaults for OML/cmm/m/it on input line 6.
LaTeX Font Info:    ... okay on input line 6.
LaTeX Font Info:    Checking defaults for OMS/cmsy/m/n on input line 6.
LaTeX Font Info:    ... okay on input line 6.
LaTeX Font Info:    Checking defaults for OT1/cmr/m/n on input line 6.
LaTeX Font Info:    ... okay on input line 6.
LaTeX Font Info:    Checking defaults for T1/cmr/m/n on input line 6.
LaTeX Font Info:    ... okay on input line 6.
LaTeX Font Info:    Checking defaults for TS1/cmr/m/n on input line 6.
LaTeX Font Info:    ... okay on input line 6.
LaTeX Font Info:    Checking defaults for OMX/cmex/m/n on input line 6.
LaTeX Font Info:    ... okay on input line 6.
LaTeX Font Info:    Checking defaults for U/cmr/m/n on input line 6.
LaTeX Font Info:    ... okay on input line 6.
LaTeX Font Info:    Trying to load font information for T1+aer on input line 6.


(/usr/share/texlive/texmf-dist/tex/latex/ae/t1aer.fd
File: t1aer.fd 1997/11/16 Font definitions for T1/aer.
)
\AtBeginShipoutBox=\box49

(/usr/share/texlive/texmf-dist/tex/context/base/mkii/supp-pdf.mkii
[Loading MPS to PDF converter (version 2006.09.02).]
\scratchcounter=\count184
\scratchdimen=\dimen141
\scratchbox=\box50
\nofMPsegments=\count185
\nofMParguments=\count186
\everyMPshowfont=\toks17
\MPscratchCnt=\count187
\MPscratchDim=\dimen142
\MPnumerator=\count188
\makeMPintoPDFobject=\count189
\everyMPtoPDFconversion=\toks18
) (/usr/share/texlive/texmf-dist/tex/latex/epstopdf-pkg/epstopdf-base.sty
Package: epstopdf-base 2020-01-24 v2.11 Base part for package epstopdf

(/usr/share/texlive/texmf-dist/tex/latex/grfext/grfext.sty
Package: grfext 2019/12/03 v1.3 Manage graphics extensions (HO)

(/usr/share/texlive/texmf-dist/tex/generic/kvdefinekeys/kvdefinekeys.sty
Package: kvdefinekeys 2019-12-19 v1.6 Define keys (HO)
))
(/usr/share/texlive/texmf-dist/tex/latex/kvoptions/kvoptions.sty
Package: kvoptions 2019/11/29 v3.13 Key value format for package options (HO)

(/usr/share/texlive/texmf-dist/tex/generic/kvsetkeys/kvsetkeys.sty
Package: kvsetkeys 2019/12/15 v1.18 Key value parser (HO)
))
(/usr/share/texlive/texmf-dist/tex/latex/pdftexcmds/pdftexcmds.sty
Package: pdftexcmds 2019/11/24 v0.31 Utility functions of pdfTeX for LuaTeX (HO
)
Package pdftexcmds Info: \pdf@primitive is available.
Package pdftexcmds Info: \pdf@ifprimitive is available.
Package pdftexcmds Info: \pdfdraftmode found.
)
Package epstopdf-base Info: Redefining graphics rule for `.eps' on input line 4
85.
Package grfext Info: Graphics extension search list:
(grfext)             [.pdf,.png,.jpg,.mps,.jpeg,.jbig2,.jb2,.PDF,.PNG,.JPG,.JPE
G,.JBIG2,.JB2,.eps]
(grfext)             \AppendGraphicsExtensions on input line 504.

(/usr/share/texlive/texmf-dist/tex/latex/latexconfig/epstopdf-sys.cfg
File: epstopdf-sys.cfg 2010/07/13 v1.3 Configuration of (r)epstopdf for TeX Liv
e
))
(/usr/share/texlive/texmf-dist/tex/latex/pdflscape/pdflscape.sty
Package: pdflscape 2019/12/05 v0.12 Display of landscape pages in PDF (HO)

(/usr/share/texlive/texmf-dist/tex/latex/graphics/lscape.sty
Package: lscape 2000/10/22 v3.01 Landscape Pages (DPC)
)
Package pdflscape Info: Auto-detected driver: pdftex on input line 81.
)
<tfarima0.pdf, id=1, 597.51233pt x 845.0471pt>
File: tfarima0.pdf Graphic file (type pdf)
<use tfarima0.pdf>
Package pdftex.def Info: tfarima0.pdf  used on input line 7.
(pdftex.def)             Requested size: 276.00105pt x 390.33818pt.
File: tfarima0.pdf Graphic file (type pdf)
<use tfarima0.pdf>
Package pdftex.def Info: tfarima0.pdf  used on input line 7.
(pdftex.def)             Requested size: 276.00105pt x 390.33818pt.
<tfarima0.pdf, id=4, page=1, 597.51233pt x 845.0471pt>
File: tfarima0.pdf Graphic file (type pdf)
<use tfarima0.pdf, page 1>
Package pdftex.def Info: tfarima0.pdf , page1 used on input line 7.
(pdftex.def)             Requested size: 597.51086pt x 845.04504pt.
File: tfarima0.pdf Graphic file (type pdf)
<use tfarima0.pdf, page 1>
Package pdftex.def Info: tfarima0.pdf , page1 used on input line 7.
(pdftex.def)             Requested size: 597.53821pt x 845.08372pt.
File: tfarima0.pdf Graphic file (type pdf)
<use tfarima0.pdf, page 1>
Package pdftex.def Info: tfarima0.pdf , page1 used on input line 7.
(pdftex.def)             Requested size: 597.53821pt x 845.08372pt.
File: tfarima0.pdf Graphic file (type pdf)
<use tfarima0.pdf, page 1>
Package pdftex.def Info: tfarima0.pdf , page1 used on input line 7.
(pdftex.def)             Requested size: 597.53821pt x 845.08372pt.
File: tfarima0.pdf Graphic file (type pdf)
<use tfarima0.pdf, page 1>
Package pdftex.def Info: tfarima0.pdf , page1 used on input line 7.
(pdftex.def)             Requested size: 597.53821pt x 845.08372pt.
 [1

 </home/jose/RProjects/tfarima/vignettes/tfarima0.pdf{/var/lib/texmf/fonts/map/
pdftex/updmap/pdftex.map}>]
<tfarima0.pdf, id=63, page=2, 597.51233pt x 845.0471pt>
File: tfarima0.pdf Graphic file (type pdf)
<use tfarima0.pdf, page 2>
Package pdftex.def Info: tfarima0.pdf , page2 used on input line 7.
(pdftex.def)             Requested size: 597.53821pt x 845.08372pt.
File: tfarima0.pdf Graphic file (type pdf)
<use tfarima0.pdf, page 2>
Package pdftex.def Info: tfarima0.pdf , page2 used on input line 7.
(pdftex.def)             Requested size: 597.53821pt x 845.08372pt.
File: tfarima0.pdf Graphic file (type pdf)
<use tfarima0.pdf, page 2>
Package pdftex.def Info: tfarima0.pdf , page2 used on input line 7.
(pdftex.def)             Requested size: 597.53821pt x 845.08372pt.
 [2 </home/jose/RProjects/tfarima/vignettes/tfarima0.pdf>]
<tfarima0.pdf, id=83, page=3, 597.51233pt x 845.0471pt>
File: tfarima0.pdf Graphic file (type pdf)
<use tfarima0.pdf, page 3>
Package pdftex.def Info: tfarima0.pdf , page3 used on input line 7.
(pdftex.def)             Requested size: 597.53821pt x 845.08372pt.
File: tfarima0.pdf Graphic file (type pdf)
<use tfarima0.pdf, page 3>
Package pdftex.def Info: tfarima0.pdf , page3 used on input line 7.
(pdftex.def)             Requested size: 597.53821pt x 845.08372pt.
File: tfarima0.pdf Graphic file (type pdf)
<use tfarima0.pdf, page 3>
Package pdftex.def Info: tfarima0.pdf , page3 used on input line 7.
(pdftex.def)             Requested size: 597.53821pt x 845.08372pt.

[3 </home/jose/RProjects/tfarima/vignettes/tfarima0.pdf>]
<tfarima0.pdf, id=92, page=4, 597.51233pt x 845.0471pt>
File: tfarima0.pdf Graphic file (type pdf)
<use tfarima0.pdf, page 4>
Package pdftex.def Info: tfarima0.pdf , page4 used on input line 7.
(pdftex.def)             Requested size: 597.53821pt x 845.08372pt.
File: tfarima0.pdf Graphic file (type pdf)
<use tfarima0.pdf, page 4>
Package pdftex.def Info: tfarima0.pdf , page4 used on input line 7.
(pdftex.def)             Requested size: 597.53821pt x 845.08372pt.
File: tfarima0.pdf Graphic file (type pdf)
<use tfarima0.pdf, page 4>
Package pdftex.def Info: tfarima0.pdf , page4 used on input line 7.
(pdftex.def)             Requested size: 597.53821pt x 845.08372pt.
 [4 </home/jose/RProjects/tfarima/vignettes/tfarima0.pdf>]
<tfarima0.pdf, id=100, page=5, 597.51233pt x 845.0471pt>
File: tfarima0.pdf Graphic file (type pdf)
<use tfarima0.pdf, page 5>
Package pdftex.def Info: tfarima0.pdf , page5 used on input line 7.
(pdftex.def)             Requested size: 597.53821pt x 845.08372pt.
File: tfarima0.pdf Graphic file (type pdf)
<use tfarima0.pdf, page 5>
Package pdftex.def Info: tfarima0.pdf , page5 used on input line 7.
(pdftex.def)             Requested size: 597.53821pt x 845.08372pt.
File: tfarima0.pdf Graphic file (type pdf)
<use tfarima0.pdf, page 5>
Package pdftex.def Info: tfarima0.pdf , page5 used on input line 7.
(pdftex.def)             Requested size: 597.53821pt x 845.08372pt.
 [5 </home/jose/RProjects/tfarima/vignettes/tfarima0.pdf>]
<tfarima0.pdf, id=108, page=6, 597.51233pt x 845.0471pt>
File: tfarima0.pdf Graphic file (type pdf)
<use tfarima0.pdf, page 6>
Package pdftex.def Info: tfarima0.pdf , page6 used on input line 7.
(pdftex.def)             Requested size: 597.53821pt x 845.08372pt.
File: tfarima0.pdf Graphic file (type pdf)
<use tfarima0.pdf, page 6>
Package pdftex.def Info: tfarima0.pdf , page6 used on input line 7.
(pdftex.def)             Requested size: 597.53821pt x 845.08372pt.
File: tfarima0.pdf Graphic file (type pdf)
<use tfarima0.pdf, page 6>
Package pdftex.def Info: tfarima0.pdf , page6 used on input line 7.
(pdftex.def)             Requested size: 597.53821pt x 845.08372pt.
 [6 </home/jose/RProjects/tfarima/vignettes/tfarima0.pdf>]
<tfarima0.pdf, id=112, page=7, 597.51233pt x 845.0471pt>
File: tfarima0.pdf Graphic file (type pdf)
<use tfarima0.pdf, page 7>
Package pdftex.def Info: tfarima0.pdf , page7 used on input line 7.
(pdftex.def)             Requested size: 597.53821pt x 845.08372pt.
File: tfarima0.pdf Graphic file (type pdf)
<use tfarima0.pdf, page 7>
Package pdftex.def Info: tfarima0.pdf , page7 used on input line 7.
(pdftex.def)             Requested size: 597.53821pt x 845.08372pt.
File: tfarima0.pdf Graphic file (type pdf)
<use tfarima0.pdf, page 7>
Package pdftex.def Info: tfarima0.pdf , page7 used on input line 7.
(pdftex.def)             Requested size: 597.53821pt x 845.08372pt.

[7 </home/jose/RProjects/tfarima/vignettes/tfarima0.pdf>]
<tfarima0.pdf, id=117, page=8, 597.51233pt x 845.0471pt>
File: tfarima0.pdf Graphic file (type pdf)
<use tfarima0.pdf, page 8>
Package pdftex.def Info: tfarima0.pdf , page8 used on input line 7.
(pdftex.def)             Requested size: 597.53821pt x 845.08372pt.
File: tfarima0.pdf Graphic file (type pdf)
<use tfarima0.pdf, page 8>
Package pdftex.def Info: tfarima0.pdf , page8 used on input line 7.
(pdftex.def)             Requested size: 597.53821pt x 845.08372pt.
File: tfarima0.pdf Graphic file (type pdf)
<use tfarima0.pdf, page 8>
Package pdftex.def Info: tfarima0.pdf , page8 used on input line 7.
(pdftex.def)             Requested size: 597.53821pt x 845.08372pt.
 [8 </home/jose/RProjects/tfarima/vignettes/tfarima0.pdf>]
<tfarima0.pdf, id=121, page=9, 597.51233pt x 845.0471pt>
File: tfarima0.pdf Graphic file (type pdf)
<use tfarima0.pdf, page 9>
Package pdftex.def Info: tfarima0.pdf , page9 used on input line 7.
(pdftex.def)             Requested size: 597.53821pt x 845.08372pt.
File: tfarima0.pdf Graphic file (type pdf)
<use tfarima0.pdf, page 9>
Package pdftex.def Info: tfarima0.pdf , page9 used on input line 7.
(pdftex.def)             Requested size: 597.53821pt x 845.08372pt.
File: tfarima0.pdf Graphic file (type pdf)
<use tfarima0.pdf, page 9>
Package pdftex.def Info: tfarima0.pdf , page9 used on input line 7.
(pdftex.def)             Requested size: 597.53821pt x 845.08372pt.
 [9 </home/jose/RProjects/tfarima/vignettes/tfarima0.pdf>]
<tfarima0.pdf, id=125, page=10, 597.51233pt x 845.0471pt>
File: tfarima0.pdf Graphic file (type pdf)
<use tfarima0.pdf, page 10>
Package pdftex.def Info: tfarima0.pdf , page10 used on input line 7.
(pdftex.def)             Requested size: 597.53821pt x 845.08372pt.
File: tfarima0.pdf Graphic file (type pdf)
<use tfarima0.pdf, page 10>
Package pdftex.def Info: tfarima0.pdf , page10 used on input line 7.
(pdftex.def)             Requested size: 597.53821pt x 845.08372pt.
File: tfarima0.pdf Graphic file (type pdf)
<use tfarima0.pdf, page 10>
Package pdftex.def Info: tfarima0.pdf , page10 used on input line 7.
(pdftex.def)             Requested size: 597.53821pt x 845.08372pt.
 [10 </home/jose/RProjects/tfarima/vignettes/tfarima0.pdf>]
<tfarima0.pdf, id=135, page=11, 597.51233pt x 845.0471pt>
File: tfarima0.pdf Graphic file (type pdf)
<use tfarima0.pdf, page 11>
Package pdftex.def Info: tfarima0.pdf , page11 used on input line 7.
(pdftex.def)             Requested size: 597.53821pt x 845.08372pt.
File: tfarima0.pdf Graphic file (type pdf)
<use tfarima0.pdf, page 11>
Package pdftex.def Info: tfarima0.pdf , page11 used on input line 7.
(pdftex.def)             Requested size: 597.53821pt x 845.08372pt.
File: tfarima0.pdf Graphic file (type pdf)
<use tfarima0.pdf, page 11>
Package pdftex.def Info: tfarima0.pdf , page11 used on input line 7.
(pdftex.def)             Requested size: 597.53821pt x 845.08372pt.

[11 </home/jose/RProjects/tfarima/vignettes/tfarima0.pdf>]
<tfarima0.pdf, id=143, page=12, 597.51233pt x 845.0471pt>
File: tfarima0.pdf Graphic file (type pdf)
<use tfarima0.pdf, page 12>
Package pdftex.def Info: tfarima0.pdf , page12 used on input line 7.
(pdftex.def)             Requested size: 597.53821pt x 845.08372pt.
File: tfarima0.pdf Graphic file (type pdf)
<use tfarima0.pdf, page 12>
Package pdftex.def Info: tfarima0.pdf , page12 used on input line 7.
(pdftex.def)             Requested size: 597.53821pt x 845.08372pt.
File: tfarima0.pdf Graphic file (type pdf)
<use tfarima0.pdf, page 12>
Package pdftex.def Info: tfarima0.pdf , page12 used on input line 7.
(pdftex.def)             Requested size: 597.53821pt x 845.08372pt.
 [12 </home/jose/RProjects/tfarima/vignettes/tfarima0.pdf>]
<tfarima0.pdf, id=147, page=13, 597.51233pt x 845.0471pt>
File: tfarima0.pdf Graphic file (type pdf)
<use tfarima0.pdf, page 13>
Package pdftex.def Info: tfarima0.pdf , page13 used on input line 7.
(pdftex.def)             Requested size: 597.53821pt x 845.08372pt.
File: tfarima0.pdf Graphic file (type pdf)
<use tfarima0.pdf, page 13>
Package pdftex.def Info: tfarima0.pdf , page13 used on input line 7.
(pdftex.def)             Requested size: 597.53821pt x 845.08372pt.
File: tfarima0.pdf Graphic file (type pdf)
<use tfarima0.pdf, page 13>
Package pdftex.def Info: tfarima0.pdf , page13 used on input line 7.
(pdftex.def)             Requested size: 597.53821pt x 845.08372pt.
 [13 </home/jose/RProjects/tfarima/vignettes/tfarima0.pdf>]
<tfarima0.pdf, id=152, page=14, 597.51233pt x 845.0471pt>
File: tfarima0.pdf Graphic file (type pdf)
<use tfarima0.pdf, page 14>
Package pdftex.def Info: tfarima0.pdf , page14 used on input line 7.
(pdftex.def)             Requested size: 597.53821pt x 845.08372pt.
File: tfarima0.pdf Graphic file (type pdf)
<use tfarima0.pdf, page 14>
Package pdftex.def Info: tfarima0.pdf , page14 used on input line 7.
(pdftex.def)             Requested size: 597.53821pt x 845.08372pt.
File: tfarima0.pdf Graphic file (type pdf)
<use tfarima0.pdf, page 14>
Package pdftex.def Info: tfarima0.pdf , page14 used on input line 7.
(pdftex.def)             Requested size: 597.53821pt x 845.08372pt.
 [14 </home/jose/RProjects/tfarima/vignettes/tfarima0.pdf>]
<tfarima0.pdf, id=156, page=15, 597.51233pt x 845.0471pt>
File: tfarima0.pdf Graphic file (type pdf)
<use tfarima0.pdf, page 15>
Package pdftex.def Info: tfarima0.pdf , page15 used on input line 7.
(pdftex.def)             Requested size: 597.53821pt x 845.08372pt.
File: tfarima0.pdf Graphic file (type pdf)
<use tfarima0.pdf, page 15>
Package pdftex.def Info: tfarima0.pdf , page15 used on input line 7.
(pdftex.def)             Requested size: 597.53821pt x 845.08372pt.
File: tfarima0.pdf Graphic file (type pdf)
<use tfarima0.pdf, page 15>
Package pdftex.def Info: tfarima0.pdf , page15 used on input line 7.
(pdftex.def)             Requested size: 597.53821pt x 845.08372pt.

[15 </home/jose/RProjects/tfarima/vignettes/tfarima0.pdf>]
<tfarima0.pdf, id=160, page=16, 597.51233pt x 845.0471pt>
File: tfarima0.pdf Graphic file (type pdf)
<use tfarima0.pdf, page 16>
Package pdftex.def Info: tfarima0.pdf , page16 used on input line 7.
(pdftex.def)             Requested size: 597.53821pt x 845.08372pt.
File: tfarima0.pdf Graphic file (type pdf)
<use tfarima0.pdf, page 16>
Package pdftex.def Info: tfarima0.pdf , page16 used on input line 7.
(pdftex.def)             Requested size: 597.53821pt x 845.08372pt.
File: tfarima0.pdf Graphic file (type pdf)
<use tfarima0.pdf, page 16>
Package pdftex.def Info: tfarima0.pdf , page16 used on input line 7.
(pdftex.def)             Requested size: 597.53821pt x 845.08372pt.
 [16 </home/jose/RProjects/tfarima/vignettes/tfarima0.pdf>]
<tfarima0.pdf, id=164, page=17, 597.51233pt x 845.0471pt>
File: tfarima0.pdf Graphic file (type pdf)
<use tfarima0.pdf, page 17>
Package pdftex.def Info: tfarima0.pdf , page17 used on input line 7.
(pdftex.def)             Requested size: 597.53821pt x 845.08372pt.
File: tfarima0.pdf Graphic file (type pdf)
<use tfarima0.pdf, page 17>
Package pdftex.def Info: tfarima0.pdf , page17 used on input line 7.
(pdftex.def)             Requested size: 597.53821pt x 845.08372pt.
File: tfarima0.pdf Graphic file (type pdf)
<use tfarima0.pdf, page 17>
Package pdftex.def Info: tfarima0.pdf , page17 used on input line 7.
(pdftex.def)             Requested size: 597.53821pt x 845.08372pt.
 [17 </home/jose/RProjects/tfarima/vignettes/tfarima0.pdf>]
<tfarima0.pdf, id=168, page=18, 597.51233pt x 845.0471pt>
File: tfarima0.pdf Graphic file (type pdf)
<use tfarima0.pdf, page 18>
Package pdftex.def Info: tfarima0.pdf , page18 used on input line 7.
(pdftex.def)             Requested size: 597.53821pt x 845.08372pt.
File: tfarima0.pdf Graphic file (type pdf)
<use tfarima0.pdf, page 18>
Package pdftex.def Info: tfarima0.pdf , page18 used on input line 7.
(pdftex.def)             Requested size: 597.53821pt x 845.08372pt.
File: tfarima0.pdf Graphic file (type pdf)
<use tfarima0.pdf, page 18>
Package pdftex.def Info: tfarima0.pdf , page18 used on input line 7.
(pdftex.def)             Requested size: 597.53821pt x 845.08372pt.
 [18 </home/jose/RProjects/tfarima/vignettes/tfarima0.pdf>]
<tfarima0.pdf, id=172, page=19, 597.51233pt x 845.0471pt>
File: tfarima0.pdf Graphic file (type pdf)
<use tfarima0.pdf, page 19>
Package pdftex.def Info: tfarima0.pdf , page19 used on input line 7.
(pdftex.def)             Requested size: 597.53821pt x 845.08372pt.
File: tfarima0.pdf Graphic file (type pdf)
<use tfarima0.pdf, page 19>
Package pdftex.def Info: tfarima0.pdf , page19 used on input line 7.
(pdftex.def)             Requested size: 597.53821pt x 845.08372pt.
File: tfarima0.pdf Graphic file (type pdf)
<use tfarima0.pdf, page 19>
Package pdftex.def Info: tfarima0.pdf , page19 used on input line 7.
(pdftex.def)             Requested size: 597.53821pt x 845.08372pt.

[19 </home/jose/RProjects/tfarima/vignettes/tfarima0.pdf>]
<tfarima0.pdf, id=177, page=20, 597.51233pt x 845.0471pt>
File: tfarima0.pdf Graphic file (type pdf)
<use tfarima0.pdf, page 20>
Package pdftex.def Info: tfarima0.pdf , page20 used on input line 7.
(pdftex.def)             Requested size: 597.53821pt x 845.08372pt.
File: tfarima0.pdf Graphic file (type pdf)
<use tfarima0.pdf, page 20>
Package pdftex.def Info: tfarima0.pdf , page20 used on input line 7.
(pdftex.def)             Requested size: 597.53821pt x 845.08372pt.
File: tfarima0.pdf Graphic file (type pdf)
<use tfarima0.pdf, page 20>
Package pdftex.def Info: tfarima0.pdf , page20 used on input line 7.
(pdftex.def)             Requested size: 597.53821pt x 845.08372pt.
 [20 </home/jose/RProjects/tfarima/vignettes/tfarima0.pdf>]
<tfarima0.pdf, id=181, page=21, 597.51233pt x 845.0471pt>
File: tfarima0.pdf Graphic file (type pdf)
<use tfarima0.pdf, page 21>
Package pdftex.def Info: tfarima0.pdf , page21 used on input line 7.
(pdftex.def)             Requested size: 597.53821pt x 845.08372pt.
File: tfarima0.pdf Graphic file (type pdf)
<use tfarima0.pdf, page 21>
Package pdftex.def Info: tfarima0.pdf , page21 used on input line 7.
(pdftex.def)             Requested size: 597.53821pt x 845.08372pt.
File: tfarima0.pdf Graphic file (type pdf)
<use tfarima0.pdf, page 21>
Package pdftex.def Info: tfarima0.pdf , page21 used on input line 7.
(pdftex.def)             Requested size: 597.53821pt x 845.08372pt.
 [21 </home/jose/RProjects/tfarima/vignettes/tfarima0.pdf>]
<tfarima0.pdf, id=185, page=22, 597.51233pt x 845.0471pt>
File: tfarima0.pdf Graphic file (type pdf)
<use tfarima0.pdf, page 22>
Package pdftex.def Info: tfarima0.pdf , page22 used on input line 7.
(pdftex.def)             Requested size: 597.53821pt x 845.08372pt.
File: tfarima0.pdf Graphic file (type pdf)
<use tfarima0.pdf, page 22>
Package pdftex.def Info: tfarima0.pdf , page22 used on input line 7.
(pdftex.def)             Requested size: 597.53821pt x 845.08372pt.
File: tfarima0.pdf Graphic file (type pdf)
<use tfarima0.pdf, page 22>
Package pdftex.def Info: tfarima0.pdf , page22 used on input line 7.
(pdftex.def)             Requested size: 597.53821pt x 845.08372pt.
 [22 </home/jose/RProjects/tfarima/vignettes/tfarima0.pdf>]
<tfarima0.pdf, id=189, page=23, 597.51233pt x 845.0471pt>
File: tfarima0.pdf Graphic file (type pdf)
<use tfarima0.pdf, page 23>
Package pdftex.def Info: tfarima0.pdf , page23 used on input line 7.
(pdftex.def)             Requested size: 597.53821pt x 845.08372pt.
File: tfarima0.pdf Graphic file (type pdf)
<use tfarima0.pdf, page 23>
Package pdftex.def Info: tfarima0.pdf , page23 used on input line 7.
(pdftex.def)             Requested size: 597.53821pt x 845.08372pt.
File: tfarima0.pdf Graphic file (type pdf)
<use tfarima0.pdf, page 23>
Package pdftex.def Info: tfarima0.pdf , page23 used on input line 7.
(pdftex.def)             Requested size: 597.53821pt x 845.08372pt.

[23 </home/jose/RProjects/tfarima/vignettes/tfarima0.pdf>]
<tfarima0.pdf, id=193, page=24, 597.51233pt x 845.0471pt>
File: tfarima0.pdf Graphic file (type pdf)
<use tfarima0.pdf, page 24>
Package pdftex.def Info: tfarima0.pdf , page24 used on input line 7.
(pdftex.def)             Requested size: 597.53821pt x 845.08372pt.
File: tfarima0.pdf Graphic file (type pdf)
<use tfarima0.pdf, page 24>
Package pdftex.def Info: tfarima0.pdf , page24 used on input line 7.
(pdftex.def)             Requested size: 597.53821pt x 845.08372pt.
File: tfarima0.pdf Graphic file (type pdf)
<use tfarima0.pdf, page 24>
Package pdftex.def Info: tfarima0.pdf , page24 used on input line 7.
(pdftex.def)             Requested size: 597.53821pt x 845.08372pt.
 [24 </home/jose/RProjects/tfarima/vignettes/tfarima0.pdf>]
(/home/jose/RProjects/tfarima/vignettes/tfarima.aux) ) 
Here is how much of TeX's memory you used:
 3705 strings out of 481239
 55514 string characters out of 5920377
 292704 words of memory out of 5000000
 18926 multiletter control sequences out of 15000+600000
 534596 words of font info for 26 fonts, out of 8000000 for 9000
 1141 hyphenation exceptions out of 8191
 40i,18n,46p,281b,437s stack positions out of 5000i,500n,10000p,200000b,80000s
</usr/share/texmf/fonts/t
ype1/public/lm/lmb10.pfb></usr/share/texmf/fonts/type1/public/lm/lmbx10.pfb></u
sr/share/texmf/fonts/type1/public/lm/lmbx12.pfb></usr/share/texmf/fonts/type1/p
ublic/lm/lmex10.pfb></usr/share/texmf/fonts/type1/public/lm/lmmi10.pfb></usr/sh
are/texmf/fonts/type1/public/lm/lmmi6.pfb></usr/share/texmf/fonts/type1/public/
lm/lmmi8.pfb></usr/share/texmf/fonts/type1/public/lm/lmr10.pfb></usr/share/texm
f/fonts/type1/public/lm/lmr8.pfb></usr/share/texmf/fonts/type1/public/lm/lmri10
.pfb></usr/share/texmf/fonts/type1/public/lm/lmro10.pfb></usr/share/texmf/fonts
/type1/public/lm/lmss10.pfb></usr/share/texmf/fonts/type1/public/lm/lmssbx10.pf
b></usr/share/texmf/fonts/type1/public/lm/lmsso10.pfb></usr/share/texmf/fonts/t
ype1/public/lm/lmsy10.pfb></usr/share/texmf/fonts/type1/public/lm/lmsy8.pfb></u
sr/share/texmf/fonts/type1/public/lm/lmtt10.pfb></usr/share/texmf/fonts/type1/p
ublic/lm/lmtt12.pfb></usr/share/texmf/fonts/type1/public/lm/lmtto10.pfb>
Output written on tfarima.pdf (24 pages, 649828 bytes).
PDF statistics:
 220 PDF objects out of 1000 (max. 8388607)
 139 compressed objects within 2 object streams
 0 named destinations out of 1000 (max. 500000)
 136 words of extra memory for PDF output out of 10000 (max. 10000000)

